Time[ps]      Etot[eV]     Epot[eV]     Ekin[eV]    T[K]
0.001       -150961.42   -151260.90       299.48   292.6
0.002       -150961.45   -151261.23       299.77   292.9
0.003       -150961.46   -151261.85       300.39   293.5
0.004       -150961.39   -151262.63       301.25   294.3
0.005       -150961.41   -151263.40       301.99   295.0
0.006       -150961.47   -151264.01       302.54   295.6
0.007       -150961.43   -151264.39       302.96   296.0
0.008       -150961.43   -151264.51       303.08   296.1
0.009       -150961.48   -151264.41       302.94   295.9
0.010       -150961.46   -151264.18       302.73   295.7
0.011       -150961.50   -151263.94       302.43   295.5
0.012       -150961.53   -151263.77       302.24   295.3
0.013       -150961.43   -151263.78       302.35   295.4
0.014       -150961.34   -151263.98       302.64   295.7
0.015       -150961.37   -151264.36       303.00   296.0
0.016       -150961.34   -151264.87       303.54   296.5
0.017       -150961.30   -151265.45       304.15   297.1
0.018       -150961.28   -151266.02       304.74   297.7
0.019       -150961.24   -151266.50       305.26   298.2
0.020       -150961.30   -151266.81       305.51   298.5
0.021       -150961.25   -151266.88       305.63   298.6
0.022       -150961.26   -151266.69       305.44   298.4
0.023       -150961.27   -151266.24       304.97   297.9
0.024       -150961.22   -151265.55       304.34   297.3
0.025       -150961.18   -151264.71       303.54   296.5
0.026       -150961.18   -151263.82       302.64   295.7
0.027       -150961.18   -151262.97       301.79   294.8
0.028       -150961.19   -151262.29       301.10   294.2
0.029       -150961.16   -151261.86       300.70   293.8
0.030       -150961.14   -151261.72       300.58   293.6
0.031       -150961.17   -151261.86       300.69   293.8
0.032       -150961.14   -151262.25       301.11   294.2
0.033       -150961.11   -151262.81       301.70   294.7
0.034       -150961.12   -151263.45       302.32   295.3
0.035       -150961.13   -151264.07       302.94   295.9
0.036       -150961.13   -151264.60       303.47   296.5
0.037       -150961.05   -151264.98       303.94   296.9
0.038       -150960.99   -151265.19       304.20   297.2
0.039       -150960.99   -151265.22       304.23   297.2
0.040       -150961.03   -151265.10       304.07   297.1
0.041       -150961.02   -151264.85       303.83   296.8
0.042       -150960.98   -151264.53       303.54   296.5
0.043       -150960.99   -151264.19       303.20   296.2
0.044       -150961.01   -151263.91       302.89   295.9
0.045       -150961.03   -151263.73       302.70   295.7
0.046       -150960.99   -151263.72       302.73   295.7
0.047       -150960.94   -151263.86       302.92   295.9
0.048       -150960.99   -151264.15       303.15   296.2
0.049       -150960.99   -151264.53       303.55   296.5
0.050       -150960.94   -151264.93       303.99   297.0
0.051       -150960.95   -151265.24       304.29   297.3
0.052       -150960.90   -151265.37       304.48   297.5
0.053       -150960.95   -151265.28       304.33   297.3
0.054       -150961.00   -151264.97       303.97   297.0
0.055       -150960.99   -151264.49       303.50   296.5
0.056       -150960.97   -151263.93       302.96   296.0
0.057       -150961.01   -151263.38       302.38   295.4
0.058       -150960.97   -151262.95       301.97   295.0
0.059       -150960.94   -151262.68       301.74   294.8
0.060       -150960.93   -151262.60       301.67   294.7
0.061       -150961.03   -151262.68       301.65   294.7
0.062       -150961.07   -151262.87       301.80   294.8
0.063       -150961.06   -151263.09       302.03   295.1
0.064       -150961.06   -151263.30       302.23   295.3
0.065       -150961.10   -151263.46       302.36   295.4
0.066       -150961.09   -151263.56       302.47   295.5
0.067       -150961.18   -151263.61       302.43   295.5
0.068       -150961.30   -151263.64       302.34   295.4
0.069       -150961.31   -151263.67       302.35   295.4
0.070       -150961.39   -151263.69       302.30   295.3
0.071       -150961.47   -151263.71       302.24   295.3
0.072       -150961.45   -151263.71       302.26   295.3
0.073       -150961.43   -151263.69       302.25   295.3
0.074       -150961.41   -151263.63       302.23   295.3
0.075       -150961.37   -151263.56       302.20   295.2
0.076       -150961.38   -151263.49       302.11   295.1
0.077       -150961.47   -151263.43       301.96   295.0
0.078       -150961.44   -151263.40       301.96   295.0
0.079       -150961.53   -151263.42       301.89   294.9
0.080       -150961.53   -151263.51       301.99   295.0
0.081       -150961.55   -151263.66       302.12   295.1
0.082       -150961.46   -151263.85       302.39   295.4
0.083       -150961.30   -151264.03       302.73   295.7
0.084       -150961.30   -151264.20       302.90   295.9
0.085       -150961.28   -151264.35       303.07   296.1
0.086       -150961.29   -151264.48       303.19   296.2
0.087       -150961.23   -151264.58       303.35   296.4
0.088       -150961.23   -151264.65       303.42   296.4
0.089       -150961.30   -151264.71       303.41   296.4
0.090       -150961.32   -151264.75       303.43   296.4
0.091       -150961.34   -151264.82       303.49   296.5
0.092       -150961.29   -151264.93       303.64   296.6
0.093       -150961.24   -151265.09       303.85   296.8
0.094       -150961.21   -151265.29       304.08   297.1
0.095       -150961.25   -151265.54       304.29   297.3
0.096       -150961.29   -151265.80       304.51   297.5
0.097       -150961.24   -151266.05       304.81   297.8
0.098       -150961.14   -151266.27       305.13   298.1
0.099       -150961.14   -151266.45       305.31   298.3
0.100       -150961.17   -151266.59       305.42   298.4
0.101       -150961.12   -151266.73       305.61   298.6
0.102       -150961.16   -151266.90       305.74   298.7
0.103       -150961.30   -151267.16       305.85   298.8
0.104       -150961.36   -151267.54       306.18   299.1
0.105       -150961.43   -151268.06       306.63   299.6
0.106       -150961.42   -151268.72       307.30   300.2
0.107       -150961.45   -151269.44       307.99   300.9
0.108       -150961.41   -151270.12       308.72   301.6
0.109       -150961.34   -151270.63       309.29   302.2
0.110       -150961.35   -151270.85       309.50   302.4
0.111       -150961.33   -151270.69       309.36   302.2
0.112       -150961.33   -151270.15       308.82   301.7
0.113       -150961.27   -151269.26       307.99   300.9
0.114       -150961.26   -151268.14       306.88   299.8
0.115       -150961.29   -151266.95       305.66   298.6
0.116       -150961.27   -151265.87       304.60   297.6
0.117       -150961.25   -151265.04       303.78   296.8
0.118       -150961.30   -151264.56       303.26   296.3
0.119       -150961.21   -151264.44       303.23   296.2
0.120       -150961.32   -151264.66       303.34   296.3
0.121       -150961.32   -151265.11       303.79   296.8
0.122       -150961.30   -151265.64       304.34   297.3
0.123       -150961.24   -151266.09       304.85   297.8
0.124       -150961.24   -151266.33       305.09   298.1
0.125       -150961.26   -151266.27       305.02   298.0
0.126       -150961.25   -151265.92       304.66   297.6
0.127       -150961.26   -151265.32       304.05   297.0
0.128       -150961.19   -151264.60       303.41   296.4
0.129       -150961.20   -151263.90       302.70   295.7
0.130       -150961.12   -151263.36       302.24   295.3
0.131       -150961.12   -151263.08       301.96   295.0
0.132       -150961.14   -151263.08       301.94   295.0
0.133       -150961.17   -151263.37       302.19   295.2
0.134       -150961.18   -151263.88       302.70   295.7
0.135       -150961.21   -151264.52       303.31   296.3
0.136       -150961.26   -151265.19       303.93   296.9
0.137       -150961.25   -151265.79       304.54   297.5
0.138       -150961.27   -151266.23       304.96   297.9
0.139       -150961.25   -151266.51       305.26   298.2
0.140       -150961.29   -151266.61       305.32   298.3
0.141       -150961.24   -151266.59       305.35   298.3
0.142       -150961.27   -151266.53       305.26   298.2
0.143       -150961.23   -151266.47       305.24   298.2
0.144       -150961.22   -151266.47       305.25   298.2
0.145       -150961.36   -151266.58       305.22   298.2
0.146       -150961.37   -151266.80       305.43   298.4
0.147       -150961.42   -151267.14       305.73   298.7
0.148       -150961.56   -151267.62       306.06   299.0
0.149       -150961.58   -151268.19       306.60   299.5
0.150       -150961.54   -151268.81       307.27   300.2
0.151       -150961.54   -151269.42       307.88   300.8
0.152       -150961.55   -151269.95       308.40   301.3
0.153       -150961.52   -151270.31       308.78   301.7
0.154       -150961.59   -151270.42       308.83   301.7
0.155       -150961.51   -151270.25       308.74   301.6
0.156       -150961.51   -151269.79       308.28   301.2
0.157       -150961.53   -151269.09       307.56   300.5
0.158       -150961.48   -151268.22       306.75   299.7
0.159       -150961.43   -151267.28       305.85   298.8
0.160       -150961.39   -151266.37       304.98   297.9
0.161       -150961.37   -151265.58       304.21   297.2
0.162       -150961.32   -151264.97       303.65   296.6
0.163       -150961.27   -151264.55       303.27   296.3
0.164       -150961.28   -151264.31       303.03   296.0
0.165       -150961.24   -151264.22       302.98   296.0
0.166       -150961.28   -151264.25       302.97   296.0
0.167       -150961.25   -151264.39       303.13   296.1
0.168       -150961.31   -151264.63       303.32   296.3
0.169       -150961.37   -151264.97       303.60   296.6
0.170       -150961.36   -151265.41       304.06   297.0
0.171       -150961.43   -151265.95       304.52   297.5
0.172       -150961.37   -151266.57       305.21   298.2
0.173       -150961.38   -151267.25       305.87   298.8
0.174       -150961.35   -151267.94       306.59   299.5
0.175       -150961.33   -151268.60       307.26   300.2
0.176       -150961.25   -151269.17       307.92   300.8
0.177       -150961.25   -151269.64       308.39   301.3
0.178       -150961.28   -151269.99       308.71   301.6
0.179       -150961.30   -151270.22       308.92   301.8
0.180       -150961.35   -151270.36       309.01   301.9
0.181       -150961.38   -151270.40       309.02   301.9
0.182       -150961.45   -151270.37       308.92   301.8
0.183       -150961.45   -151270.26       308.81   301.7
0.184       -150961.30   -151270.09       308.79   301.7
0.185       -150961.32   -151269.87       308.54   301.4
0.186       -150961.30   -151269.60       308.30   301.2
0.187       -150961.33   -151269.32       307.99   300.9
0.188       -150961.28   -151269.06       307.78   300.7
0.189       -150961.32   -151268.83       307.51   300.4
0.190       -150961.25   -151268.64       307.39   300.3
0.191       -150961.23   -151268.50       307.26   300.2
0.192       -150961.31   -151268.38       307.07   300.0
0.193       -150961.29   -151268.29       307.00   299.9
0.194       -150961.30   -151268.19       306.89   299.8
0.195       -150961.26   -151268.07       306.80   299.7
0.196       -150961.30   -151267.89       306.59   299.5
0.197       -150961.29   -151267.65       306.37   299.3
0.198       -150961.32   -151267.34       306.02   299.0
0.199       -150961.42   -151266.95       305.53   298.5
0.200       -150961.40   -151266.50       305.10   298.1
0.201       -150961.40   -151266.02       304.61   297.6
0.202       -150961.39   -151265.53       304.14   297.1
0.203       -150961.41   -151265.08       303.67   296.7
0.204       -150961.46   -151264.71       303.24   296.2
0.205       -150961.54   -151264.45       302.91   295.9
0.206       -150961.54   -151264.33       302.79   295.8
0.207       -150961.51   -151264.36       302.85   295.9
0.208       -150961.42   -151264.53       303.10   296.1
0.209       -150961.43   -151264.79       303.36   296.4
0.210       -150961.44   -151265.12       303.68   296.7
0.211       -150961.44   -151265.46       304.01   297.0
0.212       -150961.52   -151265.75       304.23   297.2
0.213       -150961.50   -151265.95       304.46   297.4
0.214       -150961.43   -151266.06       304.63   297.6
0.215       -150961.42   -151266.06       304.63   297.6
0.216       -150961.41   -151265.96       304.55   297.5
0.217       -150961.36   -151265.76       304.40   297.4
0.218       -150961.31   -151265.49       304.18   297.2
0.219       -150961.38   -151265.15       303.76   296.8
0.220       -150961.43   -151264.78       303.35   296.4
0.221       -150961.51   -151264.42       302.90   295.9
0.222       -150961.62   -151264.10       302.48   295.5
0.223       -150961.67   -151263.89       302.22   295.2
0.224       -150961.69   -151263.83       302.14   295.2
0.225       -150961.74   -151263.96       302.23   295.3
0.226       -150961.86   -151264.27       302.41   295.4
0.227       -150961.83   -151264.73       302.91   295.9
0.228       -150961.87   -151265.30       303.43   296.4
0.229       -150961.85   -151265.90       304.05   297.0
0.230       -150961.90   -151266.44       304.54   297.5
0.231       -150961.96   -151266.86       304.91   297.9
0.232       -150961.98   -151267.14       305.16   298.1
0.233       -150961.96   -151267.27       305.31   298.3
0.234       -150962.04   -151267.27       305.23   298.2
0.235       -150962.04   -151267.20       305.16   298.1
0.236       -150961.99   -151267.14       305.15   298.1
0.237       -150962.03   -151267.15       305.12   298.1
0.238       -150962.04   -151267.25       305.21   298.2
0.239       -150962.10   -151267.44       305.34   298.3
0.240       -150962.08   -151267.70       305.62   298.6
0.241       -150962.19   -151267.95       305.77   298.7
0.242       -150962.17   -151268.15       305.97   298.9
0.243       -150962.14   -151268.21       306.07   299.0
0.244       -150962.13   -151268.13       306.01   298.9
0.245       -150962.15   -151267.91       305.76   298.7
0.246       -150962.15   -151267.60       305.45   298.4
0.247       -150962.22   -151267.26       305.05   298.0
0.248       -150962.26   -151266.98       304.72   297.7
0.249       -150962.28   -151266.81       304.53   297.5
0.250       -150962.30   -151266.78       304.49   297.5
0.251       -150962.35   -151266.90       304.55   297.5
0.252       -150962.44   -151267.11       304.66   297.6
0.253       -150962.41   -151267.34       304.92   297.9
0.254       -150962.43   -151267.51       305.08   298.0
0.255       -150962.39   -151267.56       305.17   298.1
0.256       -150962.34   -151267.44       305.09   298.1
0.257       -150962.42   -151267.16       304.74   297.7
0.258       -150962.41   -151266.79       304.38   297.4
0.259       -150962.42   -151266.39       303.97   297.0
0.260       -150962.50   -151266.02       303.52   296.5
0.261       -150962.49   -151265.74       303.26   296.3
0.262       -150962.42   -151265.60       303.17   296.2
0.263       -150962.43   -151265.57       303.14   296.1
0.264       -150962.28   -151265.65       303.37   296.4
0.265       -150962.27   -151265.77       303.50   296.5
0.266       -150962.30   -151265.87       303.57   296.6
0.267       -150962.24   -151265.88       303.65   296.6
0.268       -150962.22   -151265.79       303.57   296.6
0.269       -150962.23   -151265.58       303.35   296.3
0.270       -150962.16   -151265.26       303.11   296.1
0.271       -150962.09   -151264.89       302.81   295.8
0.272       -150962.13   -151264.53       302.40   295.4
0.273       -150962.14   -151264.25       302.10   295.1
0.274       -150962.04   -151264.07       302.03   295.1
0.275       -150962.02   -151264.04       302.02   295.1
0.276       -150962.05   -151264.14       302.09   295.1
0.277       -150962.02   -151264.34       302.33   295.4
0.278       -150962.02   -151264.58       302.56   295.6
0.279       -150961.99   -151264.80       302.81   295.8
0.280       -150961.96   -151264.93       302.97   296.0
0.281       -150961.96   -151264.94       302.98   296.0
0.282       -150961.98   -151264.82       302.83   295.8
0.283       -150961.91   -151264.57       302.66   295.7
0.284       -150961.92   -151264.23       302.31   295.3
0.285       -150961.93   -151263.88       301.94   295.0
0.286       -150961.90   -151263.56       301.66   294.7
0.287       -150961.78   -151263.34       301.56   294.6
0.288       -150961.77   -151263.27       301.50   294.5
0.289       -150961.79   -151263.39       301.60   294.6
0.290       -150961.76   -151263.70       301.94   295.0
0.291       -150961.82   -151264.18       302.36   295.4
0.292       -150961.79   -151264.78       302.99   296.0
0.293       -150961.80   -151265.43       303.63   296.6
0.294       -150961.81   -151266.03       304.22   297.2
0.295       -150961.82   -151266.51       304.69   297.7
0.296       -150961.79   -151266.79       305.00   298.0
0.297       -150961.87   -151266.81       304.93   297.9
0.298       -150961.81   -151266.57       304.76   297.7
0.299       -150961.80   -151266.12       304.32   297.3
0.300       -150961.78   -151265.57       303.79   296.8
0.301       -150961.77   -151265.04       303.27   296.3
0.302       -150961.75   -151264.67       302.92   295.9
0.303       -150961.82   -151264.58       302.76   295.8
0.304       -150961.84   -151264.82       302.98   296.0
0.305       -150961.88   -151265.37       303.50   296.5
0.306       -150961.89   -151266.15       304.27   297.2
0.307       -150961.83   -151267.04       305.20   298.2
0.308       -150961.89   -151267.86       305.97   298.9
0.309       -150961.94   -151268.51       306.57   299.5
0.310       -150962.00   -151268.88       306.88   299.8
0.311       -150961.98   -151268.95       306.97   299.9
0.312       -150961.96   -151268.75       306.79   299.7
0.313       -150961.99   -151268.33       306.34   299.3
0.314       -150962.01   -151267.80       305.79   298.7
0.315       -150962.01   -151267.26       305.25   298.2
0.316       -150962.03   -151266.81       304.78   297.7
0.317       -150962.01   -151266.52       304.51   297.5
0.318       -150962.06   -151266.42       304.36   297.3
0.319       -150961.96   -151266.50       304.54   297.5
0.320       -150961.98   -151266.70       304.72   297.7
0.321       -150962.00   -151266.97       304.97   297.9
0.322       -150961.99   -151267.24       305.25   298.2
0.323       -150961.94   -151267.46       305.52   298.5
0.324       -150961.99   -151267.59       305.61   298.6
0.325       -150961.86   -151267.66       305.79   298.7
0.326       -150961.84   -151267.68       305.84   298.8
0.327       -150961.87   -151267.67       305.79   298.7
0.328       -150961.93   -151267.64       305.71   298.7
0.329       -150961.88   -151267.59       305.71   298.7
0.330       -150961.88   -151267.49       305.62   298.6
0.331       -150961.84   -151267.34       305.50   298.5
0.332       -150961.83   -151267.10       305.27   298.2
0.333       -150961.91   -151266.79       304.87   297.8
0.334       -150961.89   -151266.42       304.53   297.5
0.335       -150961.88   -151266.04       304.16   297.1
0.336       -150961.95   -151265.71       303.76   296.8
0.337       -150962.07   -151265.46       303.39   296.4
0.338       -150962.08   -151265.33       303.25   296.3
0.339       -150962.11   -151265.33       303.23   296.2
0.340       -150962.12   -151265.46       303.34   296.3
0.341       -150962.12   -151265.70       303.58   296.6
0.342       -150962.13   -151266.02       303.89   296.9
0.343       -150962.13   -151266.36       304.23   297.2
0.344       -150962.14   -151266.72       304.58   297.6
0.345       -150962.14   -151267.06       304.92   297.9
0.346       -150962.13   -151267.38       305.25   298.2
0.347       -150962.18   -151267.63       305.45   298.4
0.348       -150962.18   -151267.83       305.65   298.6
0.349       -150962.22   -151267.93       305.71   298.7
0.350       -150962.28   -151267.93       305.66   298.6
0.351       -150962.20   -151267.84       305.63   298.6
0.352       -150962.22   -151267.63       305.41   298.4
0.353       -150962.20   -151267.33       305.13   298.1
0.354       -150962.22   -151266.97       304.75   297.7
0.355       -150962.22   -151266.59       304.37   297.3
0.356       -150962.23   -151266.21       303.98   297.0
0.357       -150962.27   -151265.87       303.60   296.6
0.358       -150962.34   -151265.61       303.27   296.3
0.359       -150962.38   -151265.44       303.05   296.1
0.360       -150962.35   -151265.36       303.01   296.0
0.361       -150962.30   -151265.39       303.09   296.1
0.362       -150962.43   -151265.50       303.07   296.1
0.363       -150962.38   -151265.68       303.30   296.3
0.364       -150962.39   -151265.88       303.48   296.5
0.365       -150962.41   -151266.06       303.65   296.6
0.366       -150962.37   -151266.16       303.79   296.8
0.367       -150962.43   -151266.16       303.73   296.7
0.368       -150962.40   -151266.05       303.65   296.6
0.369       -150962.39   -151265.87       303.48   296.5
0.370       -150962.25   -151265.65       303.40   296.4
0.371       -150962.25   -151265.46       303.21   296.2
0.372       -150962.19   -151265.36       303.18   296.2
0.373       -150962.11   -151265.41       303.31   296.3
0.374       -150962.09   -151265.63       303.54   296.5
0.375       -150962.05   -151266.00       303.95   296.9
0.376       -150962.05   -151266.45       304.40   297.4
0.377       -150962.03   -151266.92       304.89   297.9
0.378       -150962.03   -151267.30       305.27   298.2
0.379       -150962.03   -151267.52       305.49   298.4
0.380       -150962.04   -151267.53       305.49   298.4
0.381       -150962.01   -151267.30       305.29   298.2
0.382       -150962.02   -151266.85       304.82   297.8
0.383       -150962.06   -151266.24       304.18   297.2
0.384       -150962.04   -151265.58       303.53   296.5
0.385       -150962.07   -151264.99       302.91   295.9
0.386       -150962.00   -151264.60       302.60   295.6
0.387       -150962.06   -151264.52       302.46   295.5
0.388       -150962.09   -151264.81       302.72   295.7
0.389       -150962.10   -151265.45       303.35   296.3
0.390       -150962.13   -151266.36       304.23   297.2
0.391       -150962.14   -151267.44       305.30   298.3
0.392       -150962.16   -151268.52       306.36   299.3
0.393       -150962.14   -151269.43       307.29   300.2
0.394       -150962.09   -151270.03       307.94   300.8
0.395       -150962.17   -151270.26       308.09   301.0
0.396       -150962.17   -151270.10       307.93   300.8
0.397       -150962.21   -151269.62       307.41   300.3
0.398       -150962.15   -151268.93       306.77   299.7
0.399       -150962.18   -151268.17       305.99   298.9
0.400       -150962.18   -151267.49       305.31   298.3
0.401       -150962.12   -151266.97       304.85   297.8
0.402       -150962.07   -151266.68       304.61   297.6
0.403       -150962.16   -151266.60       304.44   297.4
0.404       -150962.20   -151266.70       304.49   297.5
0.405       -150962.15   -151266.85       304.70   297.7
0.406       -150962.20   -151266.98       304.78   297.7
0.407       -150962.27   -151266.96       304.70   297.7
0.408       -150962.28   -151266.73       304.45   297.4
0.409       -150962.33   -151266.22       303.89   296.9
0.410       -150962.38   -151265.46       303.08   296.1
0.411       -150962.40   -151264.47       302.07   295.1
0.412       -150962.36   -151263.36       301.00   294.1
0.413       -150962.32   -151262.22       299.90   293.0
0.414       -150962.35   -151261.17       298.82   291.9
0.415       -150962.34   -151260.33       297.99   291.1
0.416       -150962.27   -151259.76       297.49   290.6
0.417       -150962.28   -151259.53       297.25   290.4
0.418       -150962.19   -151259.62       297.43   290.6
0.419       -150962.19   -151260.01       297.81   290.9
0.420       -150962.22   -151260.61       298.39   291.5
0.421       -150962.31   -151261.37       299.06   292.2
0.422       -150962.35   -151262.22       299.87   293.0
0.423       -150962.37   -151263.10       300.73   293.8
0.424       -150962.40   -151263.98       301.58   294.6
0.425       -150962.38   -151264.80       302.42   295.4
0.426       -150962.33   -151265.52       303.20   296.2
0.427       -150962.31   -151266.13       303.82   296.8
0.428       -150962.29   -151266.57       304.28   297.3
0.429       -150962.22   -151266.84       304.62   297.6
0.430       -150962.26   -151266.93       304.67   297.6
0.431       -150962.13   -151266.86       304.73   297.7
0.432       -150962.12   -151266.66       304.54   297.5
0.433       -150962.14   -151266.38       304.24   297.2
0.434       -150962.12   -151266.06       303.94   296.9
0.435       -150962.07   -151265.75       303.68   296.7
0.436       -150962.10   -151265.48       303.38   296.4
0.437       -150962.03   -151265.25       303.23   296.2
0.438       -150962.06   -151265.07       303.01   296.0
0.439       -150962.01   -151264.91       302.89   295.9
0.440       -150961.98   -151264.75       302.77   295.8
0.441       -150961.98   -151264.57       302.59   295.6
0.442       -150962.02   -151264.34       302.32   295.3
0.443       -150962.05   -151264.05       302.00   295.0
0.444       -150962.02   -151263.68       301.66   294.7
0.445       -150962.05   -151263.25       301.19   294.2
0.446       -150961.96   -151262.74       300.79   293.9
0.447       -150962.05   -151262.20       300.15   293.2
0.448       -150962.08   -151261.67       299.59   292.7
0.449       -150962.09   -151261.18       299.10   292.2
0.450       -150962.06   -151260.82       298.76   291.9
0.451       -150962.04   -151260.61       298.57   291.7
0.452       -150962.03   -151260.59       298.56   291.7
0.453       -150962.00   -151260.75       298.76   291.9
0.454       -150962.00   -151261.07       299.07   292.2
0.455       -150961.96   -151261.47       299.51   292.6
0.456       -150962.00   -151261.90       299.90   293.0
0.457       -150961.95   -151262.29       300.34   293.4
0.458       -150961.93   -151262.57       300.65   293.7
0.459       -150961.97   -151262.74       300.77   293.8
0.460       -150961.91   -151262.81       300.89   294.0
0.461       -150961.95   -151262.81       300.86   293.9
0.462       -150961.98   -151262.78       300.80   293.9
0.463       -150961.99   -151262.77       300.78   293.8
0.464       -150962.05   -151262.82       300.77   293.8
0.465       -150962.04   -151262.93       300.89   294.0
0.466       -150962.07   -151263.07       301.01   294.1
0.467       -150962.09   -151263.21       301.11   294.2
0.468       -150962.09   -151263.32       301.23   294.3
0.469       -150962.14   -151263.41       301.27   294.3
0.470       -150962.17   -151263.52       301.35   294.4
0.471       -150962.13   -151263.67       301.54   294.6
0.472       -150962.05   -151263.93       301.88   294.9
0.473       -150962.02   -151264.34       302.32   295.3
0.474       -150962.06   -151264.89       302.83   295.8
0.475       -150962.00   -151265.55       303.55   296.6
0.476       -150962.02   -151266.28       304.26   297.2
0.477       -150961.98   -151266.97       304.99   298.0
0.478       -150961.97   -151267.53       305.56   298.5
0.479       -150962.07   -151267.89       305.82   298.8
0.480       -150962.00   -151268.01       306.01   299.0
0.481       -150962.00   -151267.87       305.87   298.8
0.482       -150962.10   -151267.50       305.40   298.4
0.483       -150962.05   -151266.96       304.91   297.9
0.484       -150962.00   -151266.36       304.36   297.3
0.485       -150962.06   -151265.78       303.72   296.7
0.486       -150962.01   -151265.32       303.31   296.3
0.487       -150961.97   -151265.05       303.08   296.1
0.488       -150961.97   -151265.00       303.03   296.0
0.489       -150961.92   -151265.18       303.27   296.3
0.490       -150961.91   -151265.55       303.64   296.6
0.491       -150961.89   -151266.03       304.14   297.1
0.492       -150961.81   -151266.49       304.68   297.7
0.493       -150961.91   -151266.85       304.95   297.9
0.494       -150961.94   -151267.02       305.08   298.0
0.495       -150961.96   -151266.93       304.97   297.9
0.496       -150961.92   -151266.57       304.64   297.6
0.497       -150961.94   -151265.99       304.05   297.0
0.498       -150961.88   -151265.28       303.40   296.4
0.499       -150961.92   -151264.58       302.67   295.7
0.500       -150961.91   -151264.01       302.11   295.1
0.501       -150961.96   -151263.69       301.73   294.8
0.502       -150961.92   -151263.69       301.76   294.8
0.503       -150961.95   -151264.01       302.06   295.1
0.504       -150961.79   -151264.61       302.82   295.8
0.505       -150961.77   -151265.42       303.66   296.7
0.506       -150961.73   -151266.34       304.61   297.6
0.507       -150961.73   -151267.24       305.51   298.5
0.508       -150961.70   -151268.06       306.36   299.3
0.509       -150961.64   -151268.72       307.08   300.0
0.510       -150961.67   -151269.18       307.51   300.4
0.511       -150961.71   -151269.41       307.70   300.6
0.512       -150961.72   -151269.40       307.68   300.6
0.513       -150961.59   -151269.17       307.58   300.5
0.514       -150961.60   -151268.78       307.18   300.1
0.515       -150961.57   -151268.28       306.71   299.6
0.516       -150961.48   -151267.71       306.23   299.2
0.517       -150961.43   -151267.12       305.69   298.6
0.518       -150961.39   -151266.55       305.16   298.1
0.519       -150961.34   -151266.01       304.67   297.6
0.520       -150961.34   -151265.51       304.17   297.2
0.521       -150961.34   -151265.05       303.71   296.7
0.522       -150961.36   -151264.66       303.30   296.3
0.523       -150961.35   -151264.34       302.99   296.0
0.524       -150961.43   -151264.10       302.66   295.7
0.525       -150961.41   -151263.93       302.52   295.5
0.526       -150961.45   -151263.83       302.38   295.4
0.527       -150961.51   -151263.74       302.23   295.3
0.528       -150961.45   -151263.62       302.16   295.2
0.529       -150961.52   -151263.41       301.90   294.9
0.530       -150961.55   -151263.11       301.56   294.6
0.531       -150961.44   -151262.72       301.28   294.3
0.532       -150961.57   -151262.27       300.70   293.8
0.533       -150961.56   -151261.84       300.28   293.4
0.534       -150961.47   -151261.48       300.02   293.1
0.535       -150961.51   -151261.27       299.76   292.9
0.536       -150961.51   -151261.25       299.75   292.8
0.537       -150961.49   -151261.45       299.96   293.0
0.538       -150961.48   -151261.84       300.36   293.4
0.539       -150961.51   -151262.37       300.86   293.9
0.540       -150961.46   -151262.97       301.51   294.6
0.541       -150961.50   -151263.58       302.08   295.1
0.542       -150961.54   -151264.13       302.59   295.6
0.543       -150961.53   -151264.57       303.05   296.1
0.544       -150961.50   -151264.90       303.40   296.4
0.545       -150961.48   -151265.12       303.64   296.6
0.546       -150961.45   -151265.28       303.83   296.8
0.547       -150961.44   -151265.39       303.95   296.9
